Arguments: 
  C:\Program Files\nodejs\node.exe C:\Program Files\nodejs\node_modules\yarn\bin\yarn.js

PATH: 
  C:\Program Files\Oculus\Support\oculus-runtime;C:\Program Files\Common Files\Oracle\Java\javapath;C:\Program Files (x86)\Common Files\Oracle\Java\javapath;C:\Windows\system32;C:\Windows;C:\Windows\System32\Wbem;C:\Windows\System32\WindowsPowerShell\v1.0\;C:\Windows\System32\OpenSSH\;C:\Program Files (x86)\NVIDIA Corporation\PhysX\Common;C:\Program Files\NVIDIA Corporation\NVIDIA NvDLISR;C:\Program Files\nodejs\;C:\Program Files\Hyperion\bin;D:\Program Files\mingw32\bin;C:\Program Files (x86)\Windows Kits\10\Windows Performance Toolkit\;C:\Program Files\dotnet\;C:\Program Files\Git\cmd;C:\Program Files\Docker\Docker\resources\bin;C:\Users\katak\AppData\Local\pnpm;C:\Users\katak\AppData\Local\Programs\Python\Python312\Scripts\;C:\Users\katak\AppData\Local\Programs\Python\Python312\;C:\Users\katak\.cargo\bin;C:\Users\katak\AppData\Local\Programs\Python\Python311\Scripts\;C:\Users\katak\AppData\Local\Programs\Python\Python311\;C:\Users\katak\AppData\Local\Microsoft\WindowsApps;C:\Users\katak\AppData\Local\Programs\Microsoft VS Code\bin;C:\Users\katak\AppData\Roaming\npm;C:\Users\katak\.dotnet\tools;C:\Users\katak\AppData\Local\spicetify;D:\Program Files\JetBrains\IntelliJ IDEA Community Edition 2023.2.5\bin;C:\Users\katak\.dotnet\tools;C:\Users\katak\Documents\git-filter-repo.py;C:\Users\katak\AppData\Local\GitHubDesktop\bin

Yarn version: 
  1.22.19

Node version: 
  18.17.1

Platform: 
  win32 x64

Trace: 
  Error: ENOENT: no such file or directory, copyfile 'C:\Users\katak\AppData\Local\Yarn\Cache\v6\npm-env-paths-3.0.0-2f1e89c2f6dbd3408e1b1711dd82d62e317f58da-integrity\node_modules\env-paths\index.js' -> 'D:\VSCode\Voxify\node_modules\conf\node_modules\env-paths\index.js'

npm manifest: 
  {
    "name": "Voxify",
    "version": "0.1.1",
    "description": "",
    "main": "index.js",
    "scripts": {
      "start": "electron .",
      "build": "electron-builder"
    },
    "build": {
      "appId": "com.sapiev.voxify",
      "productName": "Voxify",
      "win": {
        "target": [
          "nsis"
        ],
        "icon": "img/logo.ico"
      },
      "nsis": {
        "oneClick": true,
        "installerIcon": "img/logo.ico",
        "uninstallerIcon": "img/logo.ico",
        "uninstallDisplayName": "Voxify - Uninstall",
        "license": "LICENSE",
        "allowToChangeInstallationDirectory": false
      }
    },
    "keywords": [],
    "author": "",
    "license": "ISC",
    "devDependencies": {
      "@electron/packager": "^18.1.3",
      "electron": "^29.1.4",
      "electron-builder": "^24.13.3"
    },
    "dependencies": {
      "@xmcl/core": "^2.13.0",
      "@xmcl/installer": "^5.4.0",
      "conf": "^12.0.0",
      "electron-store": "^8.2.0",
      "minecraft-launcher-core": "^3.18.1",
      "msmc": "^5.0.4"
    }
  }

yarn manifest: 
  No manifest

Lockfile: 
  No lockfile
